# Logfile created on 2014-11-05 19:14:14 -0700 by logger.rb/36483
I, [2014-11-05T19:14:14.100626 #27733]  INFO -- : 0:  rake (10.3.2) from /Users/raktam2786/.rvm/gems/ruby-2.0.0-p247/specifications/rake-10.3.2.gemspec
I, [2014-11-05T19:14:14.101207 #27733]  INFO -- : 0:  i18n (0.6.11) from /Users/raktam2786/.rvm/gems/ruby-2.0.0-p247/specifications/i18n-0.6.11.gemspec
I, [2014-11-05T19:14:14.102141 #27733]  INFO -- : 0:  minitest (4.7.5) from /Users/raktam2786/.rvm/gems/ruby-2.0.0-p247/specifications/minitest-4.7.5.gemspec
I, [2014-11-05T19:14:14.102491 #27733]  INFO -- : 0:  multi_json (1.10.1) from /Users/raktam2786/.rvm/gems/ruby-2.0.0-p247/specifications/multi_json-1.10.1.gemspec
I, [2014-11-05T19:14:14.102843 #27733]  INFO -- : 0:  thread_safe (0.3.4) from /Users/raktam2786/.rvm/gems/ruby-2.0.0-p247/specifications/thread_safe-0.3.4.gemspec
I, [2014-11-05T19:14:14.103210 #27733]  INFO -- : 0:  tzinfo (0.3.42) from /Users/raktam2786/.rvm/gems/ruby-2.0.0-p247/specifications/tzinfo-0.3.42.gemspec
I, [2014-11-05T19:14:14.103557 #27733]  INFO -- : 0:  activesupport (4.0.10) from /Users/raktam2786/.rvm/gems/ruby-2.0.0-p247/specifications/activesupport-4.0.10.gemspec
I, [2014-11-05T19:14:14.104661 #27733]  INFO -- : 0:  builder (3.1.4) from /Users/raktam2786/.rvm/gems/ruby-2.0.0-p247/specifications/builder-3.1.4.gemspec
I, [2014-11-05T19:14:14.105062 #27733]  INFO -- : 0:  erubis (2.7.0) from /Users/raktam2786/.rvm/gems/ruby-2.0.0-p247/specifications/erubis-2.7.0.gemspec
I, [2014-11-05T19:14:14.105395 #27733]  INFO -- : 0:  rack (1.5.2) from /Users/raktam2786/.rvm/gems/ruby-2.0.0-p247/specifications/rack-1.5.2.gemspec
I, [2014-11-05T19:14:14.105742 #27733]  INFO -- : 0:  rack-test (0.6.2) from /Users/raktam2786/.rvm/gems/ruby-2.0.0-p247/specifications/rack-test-0.6.2.gemspec
I, [2014-11-05T19:14:14.106165 #27733]  INFO -- : 0:  actionpack (4.0.10) from /Users/raktam2786/.rvm/gems/ruby-2.0.0-p247/specifications/actionpack-4.0.10.gemspec
I, [2014-11-05T19:14:14.106531 #27733]  INFO -- : 0:  mime-types (2.4.3) from /Users/raktam2786/.rvm/gems/ruby-2.0.0-p247/specifications/mime-types-2.4.3.gemspec
I, [2014-11-05T19:14:14.106892 #27733]  INFO -- : 0:  mail (2.6.3) from /Users/raktam2786/.rvm/gems/ruby-2.0.0-p247/specifications/mail-2.6.3.gemspec
I, [2014-11-05T19:14:14.107269 #27733]  INFO -- : 0:  actionmailer (4.0.10) from /Users/raktam2786/.rvm/gems/ruby-2.0.0-p247/specifications/actionmailer-4.0.10.gemspec
I, [2014-11-05T19:14:14.107646 #27733]  INFO -- : 0:  activemodel (4.0.10) from /Users/raktam2786/.rvm/gems/ruby-2.0.0-p247/specifications/activemodel-4.0.10.gemspec
I, [2014-11-05T19:14:14.108004 #27733]  INFO -- : 0:  activerecord-deprecated_finders (1.0.3) from /Users/raktam2786/.rvm/gems/ruby-2.0.0-p247/specifications/activerecord-deprecated_finders-1.0.3.gemspec
I, [2014-11-05T19:14:14.109119 #27733]  INFO -- : 0:  arel (4.0.2) from /Users/raktam2786/.rvm/gems/ruby-2.0.0-p247/specifications/arel-4.0.2.gemspec
I, [2014-11-05T19:14:14.109536 #27733]  INFO -- : 0:  activerecord (4.0.10) from /Users/raktam2786/.rvm/gems/ruby-2.0.0-p247/specifications/activerecord-4.0.10.gemspec
I, [2014-11-05T19:14:14.109859 #27733]  INFO -- : 0:  bundler (1.5.1) from /Users/raktam2786/.rvm/gems/ruby-2.0.0-p247/specifications/bundler-1.5.1.gemspec
I, [2014-11-05T19:14:14.110239 #27733]  INFO -- : 0:  mini_portile (0.6.1) from /Users/raktam2786/.rvm/gems/ruby-2.0.0-p247/specifications/mini_portile-0.6.1.gemspec
I, [2014-11-05T19:14:14.111465 #27733]  INFO -- : 0:  nokogiri (1.6.4) from /Users/raktam2786/.rvm/gems/ruby-2.0.0-p247/specifications/nokogiri-1.6.4.gemspec
I, [2014-11-05T19:14:14.112099 #27733]  INFO -- : 0:  xpath (2.0.0) from /Users/raktam2786/.rvm/gems/ruby-2.0.0-p247/specifications/xpath-2.0.0.gemspec
I, [2014-11-05T19:14:14.112501 #27733]  INFO -- : 0:  capybara (2.1.0) from /Users/raktam2786/.rvm/gems/ruby-2.0.0-p247/specifications/capybara-2.1.0.gemspec
I, [2014-11-05T19:14:14.112865 #27733]  INFO -- : 0:  coffee-script-source (1.8.0) from /Users/raktam2786/.rvm/gems/ruby-2.0.0-p247/specifications/coffee-script-source-1.8.0.gemspec
I, [2014-11-05T19:14:14.113351 #27733]  INFO -- : 0:  execjs (2.2.2) from /Users/raktam2786/.rvm/gems/ruby-2.0.0-p247/specifications/execjs-2.2.2.gemspec
I, [2014-11-05T19:14:14.113748 #27733]  INFO -- : 0:  coffee-script (2.3.0) from /Users/raktam2786/.rvm/gems/ruby-2.0.0-p247/specifications/coffee-script-2.3.0.gemspec
I, [2014-11-05T19:14:14.114169 #27733]  INFO -- : 0:  thor (0.19.1) from /Users/raktam2786/.rvm/gems/ruby-2.0.0-p247/specifications/thor-0.19.1.gemspec
I, [2014-11-05T19:14:14.114570 #27733]  INFO -- : 0:  railties (4.0.10) from /Users/raktam2786/.rvm/gems/ruby-2.0.0-p247/specifications/railties-4.0.10.gemspec
I, [2014-11-05T19:14:14.114937 #27733]  INFO -- : 0:  coffee-rails (4.0.1) from /Users/raktam2786/.rvm/gems/ruby-2.0.0-p247/specifications/coffee-rails-4.0.1.gemspec
I, [2014-11-05T19:14:14.115311 #27733]  INFO -- : 0:  diff-lcs (1.2.5) from /Users/raktam2786/.rvm/gems/ruby-2.0.0-p247/specifications/diff-lcs-1.2.5.gemspec
I, [2014-11-05T19:14:14.115659 #27733]  INFO -- : 0:  hike (1.2.3) from /Users/raktam2786/.rvm/gems/ruby-2.0.0-p247/specifications/hike-1.2.3.gemspec
I, [2014-11-05T19:14:14.116593 #27733]  INFO -- : 0:  jbuilder (1.5.3) from /Users/raktam2786/.rvm/gems/ruby-2.0.0-p247/specifications/jbuilder-1.5.3.gemspec
I, [2014-11-05T19:14:14.117063 #27733]  INFO -- : 0:  jquery-rails (3.1.2) from /Users/raktam2786/.rvm/gems/ruby-2.0.0-p247/specifications/jquery-rails-3.1.2.gemspec
I, [2014-11-05T19:14:14.117443 #27733]  INFO -- : 0:  json (1.8.1) from /Users/raktam2786/.rvm/gems/ruby-2.0.0-p247/specifications/json-1.8.1.gemspec
I, [2014-11-05T19:14:14.117803 #27733]  INFO -- : 0:  tilt (1.4.1) from /Users/raktam2786/.rvm/gems/ruby-2.0.0-p247/specifications/tilt-1.4.1.gemspec
I, [2014-11-05T19:14:14.118802 #27733]  INFO -- : 0:  sprockets (2.11.3) from /Users/raktam2786/.rvm/gems/ruby-2.0.0-p247/specifications/sprockets-2.11.3.gemspec
I, [2014-11-05T19:14:14.119177 #27733]  INFO -- : 0:  sprockets-rails (2.2.0) from /Users/raktam2786/.rvm/gems/ruby-2.0.0-p247/specifications/sprockets-rails-2.2.0.gemspec
I, [2014-11-05T19:14:14.119542 #27733]  INFO -- : 0:  rails (4.0.10) from /Users/raktam2786/.rvm/gems/ruby-2.0.0-p247/specifications/rails-4.0.10.gemspec
I, [2014-11-05T19:14:14.120552 #27733]  INFO -- : 0:  rdoc (4.1.2) from /Users/raktam2786/.rvm/gems/ruby-2.0.0-p247/specifications/rdoc-4.1.2.gemspec
I, [2014-11-05T19:14:14.121050 #27733]  INFO -- : 0:  rspec-core (2.13.1) from /Users/raktam2786/.rvm/gems/ruby-2.0.0-p247/specifications/rspec-core-2.13.1.gemspec
I, [2014-11-05T19:14:14.121547 #27733]  INFO -- : 0:  rspec-expectations (2.13.0) from /Users/raktam2786/.rvm/gems/ruby-2.0.0-p247/specifications/rspec-expectations-2.13.0.gemspec
I, [2014-11-05T19:14:14.121899 #27733]  INFO -- : 0:  rspec-mocks (2.13.1) from /Users/raktam2786/.rvm/gems/ruby-2.0.0-p247/specifications/rspec-mocks-2.13.1.gemspec
I, [2014-11-05T19:14:14.122554 #27733]  INFO -- : 0:  rspec-rails (2.13.1) from /Users/raktam2786/.rvm/gems/ruby-2.0.0-p247/specifications/rspec-rails-2.13.1.gemspec
I, [2014-11-05T19:14:14.124136 #27733]  INFO -- : 0:  sass (3.2.19) from /Users/raktam2786/.rvm/gems/ruby-2.0.0-p247/specifications/sass-3.2.19.gemspec
I, [2014-11-05T19:14:14.124520 #27733]  INFO -- : 0:  sass-rails (4.0.4) from /Users/raktam2786/.rvm/gems/ruby-2.0.0-p247/specifications/sass-rails-4.0.4.gemspec
I, [2014-11-05T19:14:14.124883 #27733]  INFO -- : 0:  sdoc (0.4.1) from /Users/raktam2786/.rvm/gems/ruby-2.0.0-p247/specifications/sdoc-0.4.1.gemspec
I, [2014-11-05T19:14:14.125360 #27733]  INFO -- : 0:  sqlite3 (1.3.10) from /Users/raktam2786/.rvm/gems/ruby-2.0.0-p247/specifications/sqlite3-1.3.10.gemspec
I, [2014-11-05T19:14:14.125733 #27733]  INFO -- : 0:  turbolinks (2.5.1) from /Users/raktam2786/.rvm/gems/ruby-2.0.0-p247/specifications/turbolinks-2.5.1.gemspec
I, [2014-11-05T19:14:14.126068 #27733]  INFO -- : 0:  uglifier (2.5.3) from /Users/raktam2786/.rvm/gems/ruby-2.0.0-p247/specifications/uglifier-2.5.3.gemspec
I, [2014-11-07T17:41:35.995679 #60397]  INFO -- : 0:  rake (10.3.2) from /Users/raktam2786/.rvm/gems/ruby-2.0.0-p247/specifications/rake-10.3.2.gemspec
I, [2014-11-07T17:41:36.014842 #60397]  INFO -- : 0:  i18n (0.6.11) from /Users/raktam2786/.rvm/gems/ruby-2.0.0-p247/specifications/i18n-0.6.11.gemspec
I, [2014-11-07T17:41:36.015301 #60397]  INFO -- : 0:  minitest (4.7.5) from /Users/raktam2786/.rvm/gems/ruby-2.0.0-p247/specifications/minitest-4.7.5.gemspec
I, [2014-11-07T17:41:36.015700 #60397]  INFO -- : 0:  multi_json (1.10.1) from /Users/raktam2786/.rvm/gems/ruby-2.0.0-p247/specifications/multi_json-1.10.1.gemspec
I, [2014-11-07T17:41:36.016071 #60397]  INFO -- : 0:  thread_safe (0.3.4) from /Users/raktam2786/.rvm/gems/ruby-2.0.0-p247/specifications/thread_safe-0.3.4.gemspec
I, [2014-11-07T17:41:36.016446 #60397]  INFO -- : 0:  tzinfo (0.3.42) from /Users/raktam2786/.rvm/gems/ruby-2.0.0-p247/specifications/tzinfo-0.3.42.gemspec
I, [2014-11-07T17:41:36.016811 #60397]  INFO -- : 0:  activesupport (4.0.10) from /Users/raktam2786/.rvm/gems/ruby-2.0.0-p247/specifications/activesupport-4.0.10.gemspec
I, [2014-11-07T17:41:36.017254 #60397]  INFO -- : 0:  builder (3.1.4) from /Users/raktam2786/.rvm/gems/ruby-2.0.0-p247/specifications/builder-3.1.4.gemspec
I, [2014-11-07T17:41:36.017611 #60397]  INFO -- : 0:  erubis (2.7.0) from /Users/raktam2786/.rvm/gems/ruby-2.0.0-p247/specifications/erubis-2.7.0.gemspec
I, [2014-11-07T17:41:36.017961 #60397]  INFO -- : 0:  rack (1.5.2) from /Users/raktam2786/.rvm/gems/ruby-2.0.0-p247/specifications/rack-1.5.2.gemspec
I, [2014-11-07T17:41:36.018312 #60397]  INFO -- : 0:  rack-test (0.6.2) from /Users/raktam2786/.rvm/gems/ruby-2.0.0-p247/specifications/rack-test-0.6.2.gemspec
I, [2014-11-07T17:41:36.019130 #60397]  INFO -- : 0:  actionpack (4.0.10) from /Users/raktam2786/.rvm/gems/ruby-2.0.0-p247/specifications/actionpack-4.0.10.gemspec
I, [2014-11-07T17:41:36.019506 #60397]  INFO -- : 0:  mime-types (2.4.3) from /Users/raktam2786/.rvm/gems/ruby-2.0.0-p247/specifications/mime-types-2.4.3.gemspec
I, [2014-11-07T17:41:36.019842 #60397]  INFO -- : 0:  mail (2.6.3) from /Users/raktam2786/.rvm/gems/ruby-2.0.0-p247/specifications/mail-2.6.3.gemspec
I, [2014-11-07T17:41:36.020434 #60397]  INFO -- : 0:  actionmailer (4.0.10) from /Users/raktam2786/.rvm/gems/ruby-2.0.0-p247/specifications/actionmailer-4.0.10.gemspec
I, [2014-11-07T17:41:36.020862 #60397]  INFO -- : 0:  activemodel (4.0.10) from /Users/raktam2786/.rvm/gems/ruby-2.0.0-p247/specifications/activemodel-4.0.10.gemspec
I, [2014-11-07T17:41:36.021236 #60397]  INFO -- : 0:  activerecord-deprecated_finders (1.0.3) from /Users/raktam2786/.rvm/gems/ruby-2.0.0-p247/specifications/activerecord-deprecated_finders-1.0.3.gemspec
I, [2014-11-07T17:41:36.021611 #60397]  INFO -- : 0:  arel (4.0.2) from /Users/raktam2786/.rvm/gems/ruby-2.0.0-p247/specifications/arel-4.0.2.gemspec
I, [2014-11-07T17:41:36.021981 #60397]  INFO -- : 0:  activerecord (4.0.10) from /Users/raktam2786/.rvm/gems/ruby-2.0.0-p247/specifications/activerecord-4.0.10.gemspec
I, [2014-11-07T17:41:36.022323 #60397]  INFO -- : 0:  bundler (1.5.1) from /Users/raktam2786/.rvm/gems/ruby-2.0.0-p247/specifications/bundler-1.5.1.gemspec
I, [2014-11-07T17:41:36.022678 #60397]  INFO -- : 0:  mini_portile (0.6.1) from /Users/raktam2786/.rvm/gems/ruby-2.0.0-p247/specifications/mini_portile-0.6.1.gemspec
I, [2014-11-07T17:41:36.023023 #60397]  INFO -- : 0:  nokogiri (1.6.4) from /Users/raktam2786/.rvm/gems/ruby-2.0.0-p247/specifications/nokogiri-1.6.4.gemspec
I, [2014-11-07T17:41:36.023374 #60397]  INFO -- : 0:  xpath (2.0.0) from /Users/raktam2786/.rvm/gems/ruby-2.0.0-p247/specifications/xpath-2.0.0.gemspec
I, [2014-11-07T17:41:36.023725 #60397]  INFO -- : 0:  capybara (2.1.0) from /Users/raktam2786/.rvm/gems/ruby-2.0.0-p247/specifications/capybara-2.1.0.gemspec
I, [2014-11-07T17:41:36.024081 #60397]  INFO -- : 0:  coffee-script-source (1.8.0) from /Users/raktam2786/.rvm/gems/ruby-2.0.0-p247/specifications/coffee-script-source-1.8.0.gemspec
I, [2014-11-07T17:41:36.024447 #60397]  INFO -- : 0:  execjs (2.2.2) from /Users/raktam2786/.rvm/gems/ruby-2.0.0-p247/specifications/execjs-2.2.2.gemspec
I, [2014-11-07T17:41:36.024811 #60397]  INFO -- : 0:  coffee-script (2.3.0) from /Users/raktam2786/.rvm/gems/ruby-2.0.0-p247/specifications/coffee-script-2.3.0.gemspec
I, [2014-11-07T17:41:36.025206 #60397]  INFO -- : 0:  thor (0.19.1) from /Users/raktam2786/.rvm/gems/ruby-2.0.0-p247/specifications/thor-0.19.1.gemspec
I, [2014-11-07T17:41:36.025556 #60397]  INFO -- : 0:  railties (4.0.10) from /Users/raktam2786/.rvm/gems/ruby-2.0.0-p247/specifications/railties-4.0.10.gemspec
I, [2014-11-07T17:41:36.026222 #60397]  INFO -- : 0:  coffee-rails (4.0.1) from /Users/raktam2786/.rvm/gems/ruby-2.0.0-p247/specifications/coffee-rails-4.0.1.gemspec
I, [2014-11-07T17:41:36.026590 #60397]  INFO -- : 0:  diff-lcs (1.2.5) from /Users/raktam2786/.rvm/gems/ruby-2.0.0-p247/specifications/diff-lcs-1.2.5.gemspec
I, [2014-11-07T17:41:36.026937 #60397]  INFO -- : 0:  hike (1.2.3) from /Users/raktam2786/.rvm/gems/ruby-2.0.0-p247/specifications/hike-1.2.3.gemspec
I, [2014-11-07T17:41:36.027291 #60397]  INFO -- : 0:  jbuilder (1.5.3) from /Users/raktam2786/.rvm/gems/ruby-2.0.0-p247/specifications/jbuilder-1.5.3.gemspec
I, [2014-11-07T17:41:36.027647 #60397]  INFO -- : 0:  jquery-rails (3.1.2) from /Users/raktam2786/.rvm/gems/ruby-2.0.0-p247/specifications/jquery-rails-3.1.2.gemspec
I, [2014-11-07T17:41:36.027987 #60397]  INFO -- : 0:  json (1.8.1) from /Users/raktam2786/.rvm/gems/ruby-2.0.0-p247/specifications/json-1.8.1.gemspec
I, [2014-11-07T17:41:36.028332 #60397]  INFO -- : 0:  tilt (1.4.1) from /Users/raktam2786/.rvm/gems/ruby-2.0.0-p247/specifications/tilt-1.4.1.gemspec
I, [2014-11-07T17:41:36.028691 #60397]  INFO -- : 0:  sprockets (2.11.3) from /Users/raktam2786/.rvm/gems/ruby-2.0.0-p247/specifications/sprockets-2.11.3.gemspec
I, [2014-11-07T17:41:36.029046 #60397]  INFO -- : 0:  sprockets-rails (2.2.0) from /Users/raktam2786/.rvm/gems/ruby-2.0.0-p247/specifications/sprockets-rails-2.2.0.gemspec
I, [2014-11-07T17:41:36.029399 #60397]  INFO -- : 0:  rails (4.0.10) from /Users/raktam2786/.rvm/gems/ruby-2.0.0-p247/specifications/rails-4.0.10.gemspec
I, [2014-11-07T17:41:36.029753 #60397]  INFO -- : 0:  rdoc (4.1.2) from /Users/raktam2786/.rvm/gems/ruby-2.0.0-p247/specifications/rdoc-4.1.2.gemspec
I, [2014-11-07T17:41:36.030259 #60397]  INFO -- : 0:  rspec-core (2.13.1) from /Users/raktam2786/.rvm/gems/ruby-2.0.0-p247/specifications/rspec-core-2.13.1.gemspec
I, [2014-11-07T17:41:36.030651 #60397]  INFO -- : 0:  rspec-expectations (2.13.0) from /Users/raktam2786/.rvm/gems/ruby-2.0.0-p247/specifications/rspec-expectations-2.13.0.gemspec
I, [2014-11-07T17:41:36.030994 #60397]  INFO -- : 0:  rspec-mocks (2.13.1) from /Users/raktam2786/.rvm/gems/ruby-2.0.0-p247/specifications/rspec-mocks-2.13.1.gemspec
I, [2014-11-07T17:41:36.031323 #60397]  INFO -- : 0:  rspec-rails (2.13.1) from /Users/raktam2786/.rvm/gems/ruby-2.0.0-p247/specifications/rspec-rails-2.13.1.gemspec
I, [2014-11-07T17:41:36.031792 #60397]  INFO -- : 0:  sass (3.2.19) from /Users/raktam2786/.rvm/gems/ruby-2.0.0-p247/specifications/sass-3.2.19.gemspec
I, [2014-11-07T17:41:36.032257 #60397]  INFO -- : 0:  sass-rails (4.0.4) from /Users/raktam2786/.rvm/gems/ruby-2.0.0-p247/specifications/sass-rails-4.0.4.gemspec
I, [2014-11-07T17:41:36.032636 #60397]  INFO -- : 0:  sdoc (0.4.1) from /Users/raktam2786/.rvm/gems/ruby-2.0.0-p247/specifications/sdoc-0.4.1.gemspec
I, [2014-11-07T17:41:36.032984 #60397]  INFO -- : 0:  sqlite3 (1.3.10) from /Users/raktam2786/.rvm/gems/ruby-2.0.0-p247/specifications/sqlite3-1.3.10.gemspec
I, [2014-11-07T17:41:36.033351 #60397]  INFO -- : 0:  turbolinks (2.5.1) from /Users/raktam2786/.rvm/gems/ruby-2.0.0-p247/specifications/turbolinks-2.5.1.gemspec
I, [2014-11-07T17:41:36.033704 #60397]  INFO -- : 0:  uglifier (2.5.3) from /Users/raktam2786/.rvm/gems/ruby-2.0.0-p247/specifications/uglifier-2.5.3.gemspec
